<?xml version="1.0" encoding="UTF-8"?>
<!-- Generated by org.testng.reporters.JUnitXMLReporter -->
<testsuite hostname="DESKTOP-5RMBV1C" ignored="0" name="Default test" tests="4" failures="0" timestamp="25 Feb 2018 20:41:53 GMT" time="42.789" errors="0">
  <testcase name="Actualwork" time="1.325" classname="DataDriven.MyTestHalfeTest"/>
  <testcase name="Actualwork" time="1.291" classname="DataDriven.MyTestHalfeTest"/>
  <testcase name="Actualwork" time="1.298" classname="DataDriven.MyTestHalfeTest"/>
  <testcase name="Actualwork" time="1.287" classname="DataDriven.MyTestHalfeTest"/>
</testsuite> <!-- Default test -->
