<?xml version="1.0" encoding="UTF-8"?>
<!-- Generated by org.testng.reporters.JUnitXMLReporter -->
<testsuite hostname="DESKTOP-5RMBV1C" ignored="0" name="FNS Treasury Progression" tests="118" failures="0" timestamp="24 Feb 2018 20:29:08 GMT" time="24.127" errors="0">
  <testcase name="maintestcase" time="0.001" classname="TestNGBasics.DependsonMethod"/>
  <testcase name="Test1" time="0.002" classname="TestNGBasics.DependsonMethod"/>
  <testcase name="Justprintit" time="0.002" classname="TestNGBasics.Invocationcount"/>
  <testcase name="Justprintit" time="0.003" classname="TestNGBasics.Invocationcount"/>
  <testcase name="Justprintit" time="0.004" classname="TestNGBasics.Invocationcount"/>
  <testcase name="Justprintit" time="0.002" classname="TestNGBasics.Invocationcount"/>
  <testcase name="Justprintit" time="0.001" classname="TestNGBasics.Invocationcount"/>
  <testcase name="Justprintit" time="0.0" classname="TestNGBasics.Invocationcount"/>
  <testcase name="Justprintit" time="0.0" classname="TestNGBasics.Invocationcount"/>
  <testcase name="Justprintit" time="0.0" classname="TestNGBasics.Invocationcount"/>
  <testcase name="Justprintit" time="0.004" classname="TestNGBasics.Invocationcount"/>
  <testcase name="Justprintit" time="0.004" classname="TestNGBasics.Invocationcount"/>
  <testcase name="Justprintit" time="0.004" classname="TestNGBasics.Invocationcount"/>
  <testcase name="Justprintit" time="0.004" classname="TestNGBasics.Invocationcount"/>
  <testcase name="Justprintit" time="0.004" classname="TestNGBasics.Invocationcount"/>
  <testcase name="Justprintit" time="0.006" classname="TestNGBasics.Invocationcount"/>
  <testcase name="Justprintit" time="0.005" classname="TestNGBasics.Invocationcount"/>
  <testcase name="Justprintit" time="0.004" classname="TestNGBasics.Invocationcount"/>
  <testcase name="Justprintit" time="0.004" classname="TestNGBasics.Invocationcount"/>
  <testcase name="Justprintit" time="0.003" classname="TestNGBasics.Invocationcount"/>
  <testcase name="Justprintit" time="0.002" classname="TestNGBasics.Invocationcount"/>
  <testcase name="Justprintit" time="0.001" classname="TestNGBasics.Invocationcount"/>
  <testcase name="Justprintit" time="0.001" classname="TestNGBasics.Invocationcount"/>
  <testcase name="Justprintit" time="0.001" classname="TestNGBasics.Invocationcount"/>
  <testcase name="Justprintit" time="0.001" classname="TestNGBasics.Invocationcount"/>
  <testcase name="Justprintit" time="0.001" classname="TestNGBasics.Invocationcount"/>
  <testcase name="Justprintit" time="0.001" classname="TestNGBasics.Invocationcount"/>
  <testcase name="Justprintit" time="0.006" classname="TestNGBasics.Invocationcount"/>
  <testcase name="Justprintit" time="0.002" classname="TestNGBasics.Invocationcount"/>
  <testcase name="Justprintit" time="0.007" classname="TestNGBasics.Invocationcount"/>
  <testcase name="Justprintit" time="0.004" classname="TestNGBasics.Invocationcount"/>
  <testcase name="Justprintit" time="0.001" classname="TestNGBasics.Invocationcount"/>
  <testcase name="Justprintit" time="0.001" classname="TestNGBasics.Invocationcount"/>
  <testcase name="Justprintit" time="0.001" classname="TestNGBasics.Invocationcount"/>
  <testcase name="Justprintit" time="0.001" classname="TestNGBasics.Invocationcount"/>
  <testcase name="Justprintit" time="0.005" classname="TestNGBasics.Invocationcount"/>
  <testcase name="Justprintit" time="0.002" classname="TestNGBasics.Invocationcount"/>
  <testcase name="Justprintit" time="0.001" classname="TestNGBasics.Invocationcount"/>
  <testcase name="Justprintit" time="0.001" classname="TestNGBasics.Invocationcount"/>
  <testcase name="Justprintit" time="0.0" classname="TestNGBasics.Invocationcount"/>
  <testcase name="Justprintit" time="0.004" classname="TestNGBasics.Invocationcount"/>
  <testcase name="Justprintit" time="0.001" classname="TestNGBasics.Invocationcount"/>
  <testcase name="Justprintit" time="0.006" classname="TestNGBasics.Invocationcount"/>
  <testcase name="Justprintit" time="0.002" classname="TestNGBasics.Invocationcount"/>
  <testcase name="Justprintit" time="0.0" classname="TestNGBasics.Invocationcount"/>
  <testcase name="Justprintit" time="0.001" classname="TestNGBasics.Invocationcount"/>
  <testcase name="Justprintit" time="0.001" classname="TestNGBasics.Invocationcount"/>
  <testcase name="Justprintit" time="0.004" classname="TestNGBasics.Invocationcount"/>
  <testcase name="Justprintit" time="0.002" classname="TestNGBasics.Invocationcount"/>
  <testcase name="Justprintit" time="0.004" classname="TestNGBasics.Invocationcount"/>
  <testcase name="Justprintit" time="0.002" classname="TestNGBasics.Invocationcount"/>
  <testcase name="Justprintit" time="0.001" classname="TestNGBasics.Invocationcount"/>
  <testcase name="Justprintit" time="0.001" classname="TestNGBasics.Invocationcount"/>
  <testcase name="Justprintit" time="0.0" classname="TestNGBasics.Invocationcount"/>
  <testcase name="Justprintit" time="0.001" classname="TestNGBasics.Invocationcount"/>
  <testcase name="Justprintit" time="0.001" classname="TestNGBasics.Invocationcount"/>
  <testcase name="Justprintit" time="0.001" classname="TestNGBasics.Invocationcount"/>
  <testcase name="Justprintit" time="0.01" classname="TestNGBasics.Invocationcount"/>
  <testcase name="Justprintit" time="0.0" classname="TestNGBasics.Invocationcount"/>
  <testcase name="Justprintit" time="0.001" classname="TestNGBasics.Invocationcount"/>
  <testcase name="Justprintit" time="0.001" classname="TestNGBasics.Invocationcount"/>
  <testcase name="Justprintit" time="0.001" classname="TestNGBasics.Invocationcount"/>
  <testcase name="Justprintit" time="0.002" classname="TestNGBasics.Invocationcount"/>
  <testcase name="Justprintit" time="0.004" classname="TestNGBasics.Invocationcount"/>
  <testcase name="Justprintit" time="0.001" classname="TestNGBasics.Invocationcount"/>
  <testcase name="Justprintit" time="0.001" classname="TestNGBasics.Invocationcount"/>
  <testcase name="Justprintit" time="0.001" classname="TestNGBasics.Invocationcount"/>
  <testcase name="Justprintit" time="0.001" classname="TestNGBasics.Invocationcount"/>
  <testcase name="Justprintit" time="0.001" classname="TestNGBasics.Invocationcount"/>
  <testcase name="Justprintit" time="0.001" classname="TestNGBasics.Invocationcount"/>
  <testcase name="Justprintit" time="0.002" classname="TestNGBasics.Invocationcount"/>
  <testcase name="Justprintit" time="0.002" classname="TestNGBasics.Invocationcount"/>
  <testcase name="Justprintit" time="0.001" classname="TestNGBasics.Invocationcount"/>
  <testcase name="Justprintit" time="0.003" classname="TestNGBasics.Invocationcount"/>
  <testcase name="Justprintit" time="0.002" classname="TestNGBasics.Invocationcount"/>
  <testcase name="Justprintit" time="0.001" classname="TestNGBasics.Invocationcount"/>
  <testcase name="Justprintit" time="0.001" classname="TestNGBasics.Invocationcount"/>
  <testcase name="Justprintit" time="0.001" classname="TestNGBasics.Invocationcount"/>
  <testcase name="Justprintit" time="0.001" classname="TestNGBasics.Invocationcount"/>
  <testcase name="Justprintit" time="0.001" classname="TestNGBasics.Invocationcount"/>
  <testcase name="Justprintit" time="0.001" classname="TestNGBasics.Invocationcount"/>
  <testcase name="Justprintit" time="0.001" classname="TestNGBasics.Invocationcount"/>
  <testcase name="Justprintit" time="0.001" classname="TestNGBasics.Invocationcount"/>
  <testcase name="Justprintit" time="0.001" classname="TestNGBasics.Invocationcount"/>
  <testcase name="Justprintit" time="0.001" classname="TestNGBasics.Invocationcount"/>
  <testcase name="Justprintit" time="0.005" classname="TestNGBasics.Invocationcount"/>
  <testcase name="Justprintit" time="0.002" classname="TestNGBasics.Invocationcount"/>
  <testcase name="Justprintit" time="0.002" classname="TestNGBasics.Invocationcount"/>
  <testcase name="Justprintit" time="0.001" classname="TestNGBasics.Invocationcount"/>
  <testcase name="Justprintit" time="0.001" classname="TestNGBasics.Invocationcount"/>
  <testcase name="Justprintit" time="0.002" classname="TestNGBasics.Invocationcount"/>
  <testcase name="Justprintit" time="0.002" classname="TestNGBasics.Invocationcount"/>
  <testcase name="Justprintit" time="0.003" classname="TestNGBasics.Invocationcount"/>
  <testcase name="Justprintit" time="0.001" classname="TestNGBasics.Invocationcount"/>
  <testcase name="Justprintit" time="0.001" classname="TestNGBasics.Invocationcount"/>
  <testcase name="Justprintit" time="0.001" classname="TestNGBasics.Invocationcount"/>
  <testcase name="Justprintit" time="0.001" classname="TestNGBasics.Invocationcount"/>
  <testcase name="Justprintit" time="0.001" classname="TestNGBasics.Invocationcount"/>
  <testcase name="Justprintit" time="0.001" classname="TestNGBasics.Invocationcount"/>
  <testcase name="Justprintit" time="0.02" classname="TestNGBasics.Invocationcount"/>
  <testcase name="Justprintit" time="0.004" classname="TestNGBasics.Invocationcount"/>
  <testcase name="Justprintit" time="0.002" classname="TestNGBasics.Invocationcount"/>
  <testcase name="test1" time="0.001" classname="TestNGBasics.Invocationcount"/>
  <testcase name="test1" time="0.003" classname="TestNGBasics.Invocationcount"/>
  <testcase name="test1" time="0.003" classname="TestNGBasics.Invocationcount"/>
  <testcase name="test1" time="0.002" classname="TestNGBasics.Invocationcount"/>
  <testcase name="test1" time="0.001" classname="TestNGBasics.Invocationcount"/>
  <testcase name="test1" time="0.001" classname="TestNGBasics.Invocationcount"/>
  <testcase name="test1" time="0.001" classname="TestNGBasics.Invocationcount"/>
  <testcase name="test1" time="0.002" classname="TestNGBasics.Invocationcount"/>
  <testcase name="test1" time="0.0" classname="TestNGBasics.Invocationcount"/>
  <testcase name="test1" time="0.001" classname="TestNGBasics.Invocationcount"/>
  <testcase name="handingexception" time="0.001" classname="TestNGBasics.HandlingExceptions"/>
  <testcase name="test1" time="0.0" classname="TestNGBasics.HandlingExceptions"/>
  <testcase name="GoogleTitle" time="0.008" classname="TestNGBasics.GoogleTest"/>
  <testcase name="Displayed" time="0.117" classname="TestNGBasics.GoogleTest"/>
  <testcase name="Test1" time="0.001" classname="TestNGBasics.GoogleTest"/>
  <testcase name="Test2" time="0.0" classname="TestNGBasics.GoogleTest"/>
</testsuite> <!-- FNS Treasury Progression -->
