<?xml version="1.0" encoding="UTF-8"?>
<testng-results skipped="0" failed="0" ignored="0" total="4" passed="4">
  <reporter-output>
  </reporter-output>
  <suite name="Default suite" duration-ms="42789" started-at="2018-02-25T20:41:11Z" finished-at="2018-02-25T20:41:53Z">
    <groups>
    </groups>
    <test name="Default test" duration-ms="42789" started-at="2018-02-25T20:41:11Z" finished-at="2018-02-25T20:41:53Z">
      <class name="DataDriven.MyTestHalfeTest">
        <test-method status="PASS" signature="Setup()[pri:0, instance:DataDriven.MyTestHalfeTest@c46bcd4]" name="Setup" is-config="true" duration-ms="10087" started-at="2018-02-25T20:41:11Z" finished-at="2018-02-25T20:41:21Z">
          <reporter-output>
          </reporter-output>
        </test-method> <!-- Setup -->
        <test-method status="PASS" signature="Actualwork(java.lang.String, java.lang.String, java.lang.String, java.lang.String, java.lang.String, java.lang.String, java.lang.String, java.lang.String)[pri:0, instance:DataDriven.MyTestHalfeTest@c46bcd4]" name="Actualwork" duration-ms="1325" started-at="2018-02-25T20:41:21Z" data-provider="gettestdata" finished-at="2018-02-25T20:41:23Z">
          <params>
            <param index="0">
              <value>
                <![CDATA[Deepak ]]>
              </value>
            </param>
            <param index="1">
              <value>
                <![CDATA[Ahuja]]>
              </value>
            </param>
            <param index="2">
              <value>
                <![CDATA[125.0]]>
              </value>
            </param>
            <param index="3">
              <value>
                <![CDATA[Sayers Road]]>
              </value>
            </param>
            <param index="4">
              <value>
                <![CDATA[Melbourne]]>
              </value>
            </param>
            <param index="5">
              <value>
                <![CDATA[Colorado]]>
              </value>
            </param>
            <param index="6">
              <value>
                <![CDATA[30276.0]]>
              </value>
            </param>
            <param index="7">
              <value>
                <![CDATA[Test1@gmail.com]]>
              </value>
            </param>
          </params>
          <reporter-output>
          </reporter-output>
        </test-method> <!-- Actualwork -->
        <test-method status="PASS" signature="teardown()[pri:0, instance:DataDriven.MyTestHalfeTest@c46bcd4]" name="teardown" is-config="true" duration-ms="663" started-at="2018-02-25T20:41:23Z" finished-at="2018-02-25T20:41:23Z">
          <reporter-output>
          </reporter-output>
        </test-method> <!-- teardown -->
        <test-method status="PASS" signature="Setup()[pri:0, instance:DataDriven.MyTestHalfeTest@c46bcd4]" name="Setup" is-config="true" duration-ms="7477" started-at="2018-02-25T20:41:23Z" finished-at="2018-02-25T20:41:31Z">
          <reporter-output>
          </reporter-output>
        </test-method> <!-- Setup -->
        <test-method status="PASS" signature="Actualwork(java.lang.String, java.lang.String, java.lang.String, java.lang.String, java.lang.String, java.lang.String, java.lang.String, java.lang.String)[pri:0, instance:DataDriven.MyTestHalfeTest@c46bcd4]" name="Actualwork" duration-ms="1291" started-at="2018-02-25T20:41:31Z" data-provider="gettestdata" finished-at="2018-02-25T20:41:32Z">
          <params>
            <param index="0">
              <value>
                <![CDATA[Samaira]]>
              </value>
            </param>
            <param index="1">
              <value>
                <![CDATA[AhujaS]]>
              </value>
            </param>
            <param index="2">
              <value>
                <![CDATA[8.0]]>
              </value>
            </param>
            <param index="3">
              <value>
                <![CDATA[Sayers Road1]]>
              </value>
            </param>
            <param index="4">
              <value>
                <![CDATA[Sydney]]>
              </value>
            </param>
            <param index="5">
              <value>
                <![CDATA[Kansas]]>
              </value>
            </param>
            <param index="6">
              <value>
                <![CDATA[30277.0]]>
              </value>
            </param>
            <param index="7">
              <value>
                <![CDATA[Test2@gmail.com]]>
              </value>
            </param>
          </params>
          <reporter-output>
          </reporter-output>
        </test-method> <!-- Actualwork -->
        <test-method status="PASS" signature="teardown()[pri:0, instance:DataDriven.MyTestHalfeTest@c46bcd4]" name="teardown" is-config="true" duration-ms="653" started-at="2018-02-25T20:41:32Z" finished-at="2018-02-25T20:41:33Z">
          <reporter-output>
          </reporter-output>
        </test-method> <!-- teardown -->
        <test-method status="PASS" signature="Setup()[pri:0, instance:DataDriven.MyTestHalfeTest@c46bcd4]" name="Setup" is-config="true" duration-ms="7452" started-at="2018-02-25T20:41:33Z" finished-at="2018-02-25T20:41:40Z">
          <reporter-output>
          </reporter-output>
        </test-method> <!-- Setup -->
        <test-method status="PASS" signature="Actualwork(java.lang.String, java.lang.String, java.lang.String, java.lang.String, java.lang.String, java.lang.String, java.lang.String, java.lang.String)[pri:0, instance:DataDriven.MyTestHalfeTest@c46bcd4]" name="Actualwork" duration-ms="1298" started-at="2018-02-25T20:41:40Z" data-provider="gettestdata" finished-at="2018-02-25T20:41:42Z">
          <params>
            <param index="0">
              <value>
                <![CDATA[Reyansh ]]>
              </value>
            </param>
            <param index="1">
              <value>
                <![CDATA[AhujaR]]>
              </value>
            </param>
            <param index="2">
              <value>
                <![CDATA[2.0]]>
              </value>
            </param>
            <param index="3">
              <value>
                <![CDATA[Sayers Road2]]>
              </value>
            </param>
            <param index="4">
              <value>
                <![CDATA[Brisbane]]>
              </value>
            </param>
            <param index="5">
              <value>
                <![CDATA[Colorado]]>
              </value>
            </param>
            <param index="6">
              <value>
                <![CDATA[30278.0]]>
              </value>
            </param>
            <param index="7">
              <value>
                <![CDATA[Test3@gmail.com]]>
              </value>
            </param>
          </params>
          <reporter-output>
          </reporter-output>
        </test-method> <!-- Actualwork -->
        <test-method status="PASS" signature="teardown()[pri:0, instance:DataDriven.MyTestHalfeTest@c46bcd4]" name="teardown" is-config="true" duration-ms="654" started-at="2018-02-25T20:41:42Z" finished-at="2018-02-25T20:41:42Z">
          <reporter-output>
          </reporter-output>
        </test-method> <!-- teardown -->
        <test-method status="PASS" signature="Setup()[pri:0, instance:DataDriven.MyTestHalfeTest@c46bcd4]" name="Setup" is-config="true" duration-ms="9289" started-at="2018-02-25T20:41:42Z" finished-at="2018-02-25T20:41:52Z">
          <reporter-output>
          </reporter-output>
        </test-method> <!-- Setup -->
        <test-method status="PASS" signature="Actualwork(java.lang.String, java.lang.String, java.lang.String, java.lang.String, java.lang.String, java.lang.String, java.lang.String, java.lang.String)[pri:0, instance:DataDriven.MyTestHalfeTest@c46bcd4]" name="Actualwork" duration-ms="1287" started-at="2018-02-25T20:41:52Z" data-provider="gettestdata" finished-at="2018-02-25T20:41:53Z">
          <params>
            <param index="0">
              <value>
                <![CDATA[Himmi]]>
              </value>
            </param>
            <param index="1">
              <value>
                <![CDATA[AhujaH]]>
              </value>
            </param>
            <param index="2">
              <value>
                <![CDATA[36.0]]>
              </value>
            </param>
            <param index="3">
              <value>
                <![CDATA[Sayers Road3]]>
              </value>
            </param>
            <param index="4">
              <value>
                <![CDATA[Perth]]>
              </value>
            </param>
            <param index="5">
              <value>
                <![CDATA[Kansas]]>
              </value>
            </param>
            <param index="6">
              <value>
                <![CDATA[30279.0]]>
              </value>
            </param>
            <param index="7">
              <value>
                <![CDATA[Test4@gmail.com]]>
              </value>
            </param>
          </params>
          <reporter-output>
          </reporter-output>
        </test-method> <!-- Actualwork -->
        <test-method status="PASS" signature="teardown()[pri:0, instance:DataDriven.MyTestHalfeTest@c46bcd4]" name="teardown" is-config="true" duration-ms="664" started-at="2018-02-25T20:41:53Z" finished-at="2018-02-25T20:41:53Z">
          <reporter-output>
          </reporter-output>
        </test-method> <!-- teardown -->
      </class> <!-- DataDriven.MyTestHalfeTest -->
    </test> <!-- Default test -->
  </suite> <!-- Default suite -->
</testng-results>
